#
# There is insufficient memory for the Java Runtime Environment to continue.
# Native memory allocation (mmap) failed to map 264241152 bytes for G1 virtual space
# Possible reasons:
#   The system is out of physical RAM or swap space
#   The process is running with CompressedOops enabled, and the Java Heap may be blocking the growth of the native heap
# Possible solutions:
#   Reduce memory load on the system
#   Increase physical memory or swap space
#   Check if swap backing store is full
#   Decrease Java heap size (-Xmx/-Xms)
#   Decrease number of Java threads
#   Decrease Java thread stack sizes (-Xss)
#   Set larger code cache with -XX:ReservedCodeCacheSize=
#   JVM is running with Zero Based Compressed Oops mode in which the Java heap is
#     placed in the first 32GB address space. The Java Heap base address is the
#     maximum limit for the native heap growth. Please use -XX:HeapBaseMinAddress
#     to set the Java Heap base and to place the Java Heap above 32GB virtual address.
# This output file may be truncated or incomplete.
#
#  Out of Memory Error (os_windows.cpp:3550), pid=20288, tid=23576
#
# JRE version:  (17.0.8+9) (build )
# Java VM: Java HotSpot(TM) 64-Bit Server VM (17.0.8+9-LTS-211, mixed mode, sharing, tiered, compressed oops, compressed class ptrs, g1 gc, windows-amd64)
# No core dump will be written. Minidumps are not enabled by default on client versions of Windows
#

---------------  S U M M A R Y ------------

Command Line: -Dfile.encoding=UTF-8 -Ddb2.jcc.charsetDecoderEncoder=3 com.ibm.db2.server.DssLauncher 3000 off c:\Users\Sethz Bahh\AppData\Roaming\Code\logs\20250211T104831\window1\exthost\IBM.db2forzosdeveloperextension -Xmx256M

Host: 11th Gen Intel(R) Core(TM) i5-1135G7 @ 2.40GHz, 8 cores, 15G,  Windows 11 , 64 bit Build 26100 (10.0.26100.3037)
Time: Tue Feb 11 10:50:04 2025 SE Asia Standard Time elapsed time: 0.047724 seconds (0d 0h 0m 0s)

---------------  T H R E A D  ---------------

Current thread (0x000001b0e4ef2e40):  JavaThread "Unknown thread" [_thread_in_vm, id=23576, stack(0x0000003ee7000000,0x0000003ee7100000)]

Stack: [0x0000003ee7000000,0x0000003ee7100000]
Native frames: (J=compiled Java code, j=interpreted, Vv=VM code, C=native code)
V  [jvm.dll+0x677d0a]
V  [jvm.dll+0x7d8c54]
V  [jvm.dll+0x7da3fe]
V  [jvm.dll+0x7daa63]
V  [jvm.dll+0x245c5f]
V  [jvm.dll+0x674bb9]
V  [jvm.dll+0x6694f2]
V  [jvm.dll+0x3031d6]
V  [jvm.dll+0x30a756]
V  [jvm.dll+0x359f9e]
V  [jvm.dll+0x35a1cf]
V  [jvm.dll+0x2da3e8]
V  [jvm.dll+0x2db354]
V  [jvm.dll+0x7aa711]
V  [jvm.dll+0x367b51]
V  [jvm.dll+0x789979]
V  [jvm.dll+0x3eb05f]
V  [jvm.dll+0x3ecae1]
C  [jli.dll+0x5297]
C  [ucrtbase.dll+0x37b0]
C  [KERNEL32.DLL+0x2e8d7]
C  [ntdll.dll+0xbbf2c]


---------------  P R O C E S S  ---------------

Threads class SMR info:
_java_thread_list=0x00007ffb3dad59d8, length=0, elements={
}

Java Threads: ( => current thread )

Other Threads:
  0x000001b0e4f5fa70 GCTaskThread "GC Thread#0" [stack: 0x0000003ee7100000,0x0000003ee7200000] [id=16536]
  0x000001b0e4f70580 ConcurrentGCThread "G1 Main Marker" [stack: 0x0000003ee7200000,0x0000003ee7300000] [id=18408]
  0x000001b0e4f70f90 ConcurrentGCThread "G1 Conc#0" [stack: 0x0000003ee7300000,0x0000003ee7400000] [id=7628]

[error occurred during error reporting (printing all threads), id 0xc0000005, EXCEPTION_ACCESS_VIOLATION (0xc0000005) at pc=0x00007ffb3d30b047]

VM state: not at safepoint (not fully initialized)

VM Mutex/Monitor currently owned by a thread:  ([mutex/lock_event])
[0x000001b0e4eee940] Heap_lock - owner thread: 0x000001b0e4ef2e40

Heap address: 0x0000000704200000, size: 4030 MB, Compressed Oops mode: Zero based, Oop shift amount: 3

CDS archive(s) mapped at: [0x0000000000000000-0x0000000000000000-0x0000000000000000), size 0, SharedBaseAddress: 0x0000000800000000, ArchiveRelocationMode: 1.
Narrow klass base: 0x0000000000000000, Narrow klass shift: 0, Narrow klass range: 0x0

GC Precious Log:
<Empty>

Heap:
 garbage-first heap   total 0K, used 0K [0x0000000704200000, 0x0000000800000000)
  region size 2048K, 0 young (0K), 0 survivors (0K)

[error occurred during error reporting (printing heap information), id 0xc0000005, EXCEPTION_ACCESS_VIOLATION (0xc0000005) at pc=0x00007ffb3d6f1499]

GC Heap History (0 events):
No events

Deoptimization events (0 events):
No events

Classes unloaded (0 events):
No events

Classes redefined (0 events):
No events

Internal exceptions (0 events):
No events

VM Operations (0 events):
No events

Events (1 events):
Event: 0.033 Loaded shared library C:\Program Files\Java\jdk-17\bin\java.dll


Dynamic libraries:
0x00007ff666bc0000 - 0x00007ff666bd0000 	C:\Program Files\Java\jdk-17\bin\java.exe
0x00007ffc378a0000 - 0x00007ffc37b03000 	C:\WINDOWS\SYSTEM32\ntdll.dll
0x00007ffc35860000 - 0x00007ffc35927000 	C:\WINDOWS\System32\KERNEL32.DLL
0x00007ffc35190000 - 0x00007ffc35557000 	C:\WINDOWS\System32\KERNELBASE.dll
0x00007ffc35040000 - 0x00007ffc3518c000 	C:\WINDOWS\System32\ucrtbase.dll
0x00007ffb956c0000 - 0x00007ffb956d9000 	C:\Program Files\Java\jdk-17\bin\jli.dll
0x00007ffb956a0000 - 0x00007ffb956bb000 	C:\Program Files\Java\jdk-17\bin\VCRUNTIME140.dll
0x00007ffc359c0000 - 0x00007ffc35a74000 	C:\WINDOWS\System32\ADVAPI32.dll
0x00007ffc35720000 - 0x00007ffc357c9000 	C:\WINDOWS\System32\msvcrt.dll
0x00007ffc369b0000 - 0x00007ffc36a56000 	C:\WINDOWS\System32\sechost.dll
0x00007ffc37030000 - 0x00007ffc37146000 	C:\WINDOWS\System32\RPCRT4.dll
0x00007ffc35a90000 - 0x00007ffc35c59000 	C:\WINDOWS\System32\USER32.dll
0x00007ffc34c40000 - 0x00007ffc34c67000 	C:\WINDOWS\System32\win32u.dll
0x00007ffc35830000 - 0x00007ffc3585a000 	C:\WINDOWS\System32\GDI32.dll
0x00007ffc34f10000 - 0x00007ffc3503b000 	C:\WINDOWS\System32\gdi32full.dll
0x00007ffc19d10000 - 0x00007ffc19fa0000 	C:\WINDOWS\WinSxS\amd64_microsoft.windows.common-controls_6595b64144ccf1df_6.0.26100.3037_none_3e09262ce333c378\COMCTL32.dll
0x00007ffc34e60000 - 0x00007ffc34f03000 	C:\WINDOWS\System32\msvcp_win.dll
0x00007ffc23e80000 - 0x00007ffc23e8b000 	C:\WINDOWS\SYSTEM32\VERSION.dll
0x00007ffc36a60000 - 0x00007ffc36a8f000 	C:\WINDOWS\System32\IMM32.DLL
0x00007ffbfc8f0000 - 0x00007ffbfc8fc000 	C:\Program Files\Java\jdk-17\bin\vcruntime140_1.dll
0x00007ffb91dc0000 - 0x00007ffb91e4e000 	C:\Program Files\Java\jdk-17\bin\msvcp140.dll
0x00007ffb3d020000 - 0x00007ffb3dbfe000 	C:\Program Files\Java\jdk-17\bin\server\jvm.dll
0x00007ffc35a80000 - 0x00007ffc35a88000 	C:\WINDOWS\System32\PSAPI.DLL
0x00007ffc18ca0000 - 0x00007ffc18caa000 	C:\WINDOWS\SYSTEM32\WSOCK32.dll
0x00007ffc35d40000 - 0x00007ffc35db4000 	C:\WINDOWS\System32\WS2_32.dll
0x00007ffc2b000000 - 0x00007ffc2b036000 	C:\WINDOWS\SYSTEM32\WINMM.dll
0x00007ffc33b40000 - 0x00007ffc33b5a000 	C:\WINDOWS\SYSTEM32\kernel.appcore.dll
0x00007ffbf20b0000 - 0x00007ffbf20ba000 	C:\Program Files\Java\jdk-17\bin\jimage.dll
0x00007ffc32360000 - 0x00007ffc325a1000 	C:\WINDOWS\SYSTEM32\DBGHELP.DLL
0x00007ffc36560000 - 0x00007ffc368de000 	C:\WINDOWS\System32\combase.dll
0x00007ffc35c60000 - 0x00007ffc35d36000 	C:\WINDOWS\System32\OLEAUT32.dll
0x00007ffc1ccf0000 - 0x00007ffc1cd29000 	C:\WINDOWS\SYSTEM32\dbgcore.DLL
0x00007ffc34dc0000 - 0x00007ffc34e59000 	C:\WINDOWS\System32\bcryptPrimitives.dll
0x00007ffb69e60000 - 0x00007ffb69e85000 	C:\Program Files\Java\jdk-17\bin\java.dll

dbghelp: loaded successfully - version: 4.0.5 - missing functions: none
symbol engine: initialized successfully - sym options: 0x614 - pdb path: .;C:\Program Files\Java\jdk-17\bin;C:\WINDOWS\SYSTEM32;C:\WINDOWS\WinSxS\amd64_microsoft.windows.common-controls_6595b64144ccf1df_6.0.26100.3037_none_3e09262ce333c378;C:\Program Files\Java\jdk-17\bin\server

VM Arguments:
jvm_args: -Dfile.encoding=UTF-8 -Ddb2.jcc.charsetDecoderEncoder=3 
java_command: com.ibm.db2.server.DssLauncher 3000 off c:\Users\Sethz Bahh\AppData\Roaming\Code\logs\20250211T104831\window1\exthost\IBM.db2forzosdeveloperextension -Xmx256M
java_class_path (initial): c:\Users\Sethz Bahh\.vscode\extensions\ibm.db2forzosdeveloperextension-2.2.0\dist\dss-dist-2.2.0.jar;;c:\Users\Sethz Bahh\.vscode\extensions\ibm.db2forzosdeveloperextension-2.2.0\lib\db2jcc4.jar;c:\Users\Sethz Bahh\.vscode\extensions\ibm.db2forzosdeveloperextension-2.2.0\lib\sqlj4.zip
Launcher Type: SUN_STANDARD

[Global flags]
     intx CICompilerCount                          = 4                                         {product} {ergonomic}
     uint ConcGCThreads                            = 2                                         {product} {ergonomic}
     uint G1ConcRefinementThreads                  = 8                                         {product} {ergonomic}
   size_t G1HeapRegionSize                         = 2097152                                   {product} {ergonomic}
    uintx GCDrainStackTargetSize                   = 64                                        {product} {ergonomic}
   size_t InitialHeapSize                          = 264241152                                 {product} {ergonomic}
   size_t MarkStackSize                            = 4194304                                   {product} {ergonomic}
   size_t MaxHeapSize                              = 4225761280                                {product} {ergonomic}
   size_t MinHeapDeltaBytes                        = 2097152                                   {product} {ergonomic}
   size_t MinHeapSize                              = 8388608                                   {product} {ergonomic}
    uintx NonNMethodCodeHeapSize                   = 5839372                                {pd product} {ergonomic}
    uintx NonProfiledCodeHeapSize                  = 122909434                              {pd product} {ergonomic}
    uintx ProfiledCodeHeapSize                     = 122909434                              {pd product} {ergonomic}
    uintx ReservedCodeCacheSize                    = 251658240                              {pd product} {ergonomic}
     bool SegmentedCodeCache                       = true                                      {product} {ergonomic}
   size_t SoftMaxHeapSize                          = 4225761280                             {manageable} {ergonomic}
     bool UseCompressedClassPointers               = true                           {product lp64_product} {ergonomic}
     bool UseCompressedOops                        = true                           {product lp64_product} {ergonomic}
     bool UseG1GC                                  = true                                      {product} {ergonomic}
     bool UseLargePagesIndividualAllocation        = false                                  {pd product} {ergonomic}

Logging:
Log output configuration:
 #0: stdout all=warning uptime,level,tags
 #1: stderr all=off uptime,level,tags

Environment Variables:
PATH=C:\Program Files\Eclipse Adoptium\jdk-21.0.5.11-hotspot\bin;C:\Program Files\ImageMagick-7.1.1-Q16-HDRI;C:\oracle21\bin;C:\orcle\bin;C:\WINDOWS.X64_213000_db_home\bin;C:\oracleDB\products\dbhomeXE\bin;C:\oracleApp\dbhomeXE\bin;C:\Program Files\Common Files\Oracle\Java\javapath;C:\Program Files (x86)\VMware\VMware Workstation\bin\;C:\Program Files\Microsoft MPI\Bin\;C:\WINDOWS\system32;C:\WINDOWS;C:\WINDOWS\System32\Wbem;C:\WINDOWS\System32\WindowsPowerShell\v1.0\;C:\WINDOWS\System32\OpenSSH\;C:\Program Files\Microsoft SQL Server\150\Tools\Binn\;C:\Program Files\Microsoft SQL Server\Client SDK\ODBC\170\Tools\Binn\;C:\Program Files (x86)\Microsoft SQL Server\160\Tools\Binn\;C:\Program Files\Microsoft SQL Server\160\Tools\Binn\;C:\Program Files\Microsoft SQL Server\160\DTS\Binn\;C:\Program Files (x86)\Microsoft SQL Server\160\DTS\Binn\;C:\Program Files\Azure Data Studio\bin;C:\xampp\php;C:\ProgramData\ComposerSetup\bin;C:\Program Files\nodejs\;C:\Program Files\nodejs;C:\Windows\System32;C:\ProgramData\chocolatey\bin;C:\Program Files\Git\cmd;C:\Program Files\CMake\bin;C:\Program Files\swipl\bin;C:\Program Files\dotnet\;C:\Program Files\Docker\Docker\resources\bin;C:\Program Files\MySQL\MySQL Shell 9.0\bin\;C:\Users\Sethz Bahh\AppData\Local\Programs\Python\Python310\Scripts\;C:\Users\Sethz Bahh\AppData\Local\Programs\Python\Python310\;C:\Users\Sethz Bahh\AppData\Local\Microsoft\WindowsApps;C:\Program Files\Azure Data Studio\bin;C:\Users\Sethz Bahh\AppData\Roaming\Composer\vendor\bin;C:\Windows\SysWOW64;C:\Users\Sethz Bahh\AppData\Roaming\npm;C:\Program Files\nodejs;C:\Program Files\Java\jdk-17;C:\Program Files\JetBrains\IntelliJ IDEA Community Edition 2023.2\bin;;C:\Users\Sethz Bahh\AppData\Local\.meteor;C:\src\flutter\bin;C:\Users\Sethz Bahh\Downloads\platform-tools_r34.0.5-windows\platform-tools;C:\Program Files\MongoDB\Server\7.0\bin;C:\Program Files\MongoDB\Server\7.0\mongosh-2.1.1-win32-x64\bin;C:\Users\Sethz Bahh\.dotnet\tools;C:\xampp3;C:\Program Files\JetBrains
USERNAME=Sethz Bahh
OS=Windows_NT
PROCESSOR_IDENTIFIER=Intel64 Family 6 Model 140 Stepping 1, GenuineIntel



---------------  S Y S T E M  ---------------

OS:
 Windows 11 , 64 bit Build 26100 (10.0.26100.3037)
OS uptime: 1 days 18:19 hours
Hyper-V role detected

CPU: total 8 (initial active 8) (4 cores per cpu, 2 threads per core) family 6 model 140 stepping 1 microcode 0xb8, cx8, cmov, fxsr, ht, mmx, 3dnowpref, sse, sse2, sse3, ssse3, sse4.1, sse4.2, popcnt, lzcnt, tsc, tscinvbit, avx, avx2, aes, erms, clmul, bmi1, bmi2, adx, avx512f, avx512dq, avx512cd, avx512bw, avx512vl, sha, fma, vzeroupper, avx512_vpopcntdq, avx512_vpclmulqdq, avx512_vaes, avx512_vnni, clflush, clflushopt, clwb, avx512_vbmi2, avx512_vbmi, hv

Memory: 4k page, system-wide physical 16118M (1498M free)
TotalPageFile size 34105M (AvailPageFile size 223M)
current process WorkingSet (physical memory assigned to process): 12M, peak: 12M
current process commit charge ("private bytes"): 60M, peak: 312M

vm_info: Java HotSpot(TM) 64-Bit Server VM (17.0.8+9-LTS-211) for windows-amd64 JRE (17.0.8+9-LTS-211), built on Jun 14 2023 10:34:31 by "mach5one" with MS VC++ 17.1 (VS2022)

END.
